<?xml version="1.0" encoding="UTF-8"?>
<testsuite xmlns:xsi="http://www.w3.org/2001/XMLSchema-instance" xsi:noNamespaceSchemaLocation="https://maven.apache.org/surefire/maven-surefire-plugin/xsd/surefire-test-report.xsd" name="runners.TestRunner1" time="2.175" tests="1" errors="1" skipped="0" failures="0">
  <properties>
    <property name="sun.desktop" value="windows"/>
    <property name="awt.toolkit" value="sun.awt.windows.WToolkit"/>
    <property name="java.specification.version" value="1.8"/>
    <property name="file.encoding.pkg" value="sun.io"/>
    <property name="webdriver.chrome.driver" value="chromedriver.exe"/>
    <property name="sun.cpu.isalist" value="amd64"/>
    <property name="sun.jnu.encoding" value="Cp1252"/>
    <property name="java.class.path" value="C:\dev\repos\breach_api_test\target\test-classes;C:\dev\repos\breach_api_test\target\classes;C:\Dev\devtools\cache\m2_repository\com\vimalselvam\cucumber-extentsreport\3.0.2\cucumber-extentsreport-3.0.2.jar;C:\Dev\devtools\cache\m2_repository\com\aventstack\extentreports\3.1.2\extentreports-3.1.2.jar;C:\Dev\devtools\cache\m2_repository\org\freemarker\freemarker\2.3.23\freemarker-2.3.23.jar;C:\Dev\devtools\cache\m2_repository\org\mongodb\mongodb-driver\3.3.0\mongodb-driver-3.3.0.jar;C:\Dev\devtools\cache\m2_repository\org\mongodb\bson\3.3.0\bson-3.3.0.jar;C:\Dev\devtools\cache\m2_repository\org\mongodb\mongodb-driver-core\3.3.0\mongodb-driver-core-3.3.0.jar;C:\Dev\devtools\cache\m2_repository\org\apache\httpcomponents\httpclient\4.5.2\httpclient-4.5.2.jar;C:\Dev\devtools\cache\m2_repository\org\apache\httpcomponents\httpcore\4.4.4\httpcore-4.4.4.jar;C:\Dev\devtools\cache\m2_repository\commons-codec\commons-codec\1.9\commons-codec-1.9.jar;C:\Dev\devtools\cache\m2_repository\org\apache\httpcomponents\httpmime\4.5.2\httpmime-4.5.2.jar;C:\Dev\devtools\cache\m2_repository\org\jsoup\jsoup\1.9.2\jsoup-1.9.2.jar;C:\Dev\devtools\cache\m2_repository\com\google\code\gson\gson\2.8.0\gson-2.8.0.jar;C:\Dev\devtools\cache\m2_repository\joda-time\joda-time\2.6\joda-time-2.6.jar;C:\Dev\devtools\cache\m2_repository\org\slf4j\slf4j-api\1.7.25\slf4j-api-1.7.25.jar;C:\Dev\devtools\cache\m2_repository\io\rest-assured\rest-assured\3.2.0\rest-assured-3.2.0.jar;C:\Dev\devtools\cache\m2_repository\org\codehaus\groovy\groovy\2.4.15\groovy-2.4.15.jar;C:\Dev\devtools\cache\m2_repository\org\codehaus\groovy\groovy-xml\2.4.15\groovy-xml-2.4.15.jar;C:\Dev\devtools\cache\m2_repository\org\hamcrest\hamcrest-core\1.3\hamcrest-core-1.3.jar;C:\Dev\devtools\cache\m2_repository\org\hamcrest\hamcrest-library\1.3\hamcrest-library-1.3.jar;C:\Dev\devtools\cache\m2_repository\org\ccil\cowan\tagsoup\tagsoup\1.2.1\tagsoup-1.2.1.jar;C:\Dev\devtools\cache\m2_repository\io\rest-assured\json-path\3.2.0\json-path-3.2.0.jar;C:\Dev\devtools\cache\m2_repository\org\codehaus\groovy\groovy-json\2.4.15\groovy-json-2.4.15.jar;C:\Dev\devtools\cache\m2_repository\io\rest-assured\rest-assured-common\3.2.0\rest-assured-common-3.2.0.jar;C:\Dev\devtools\cache\m2_repository\io\rest-assured\xml-path\3.2.0\xml-path-3.2.0.jar;C:\Dev\devtools\cache\m2_repository\javax\xml\bind\jaxb-api\2.2.12\jaxb-api-2.2.12.jar;C:\Dev\devtools\cache\m2_repository\com\sun\xml\bind\jaxb-osgi\2.2.10\jaxb-osgi-2.2.10.jar;C:\Dev\devtools\cache\m2_repository\org\apache\sling\org.apache.sling.javax.activation\0.1.0\org.apache.sling.javax.activation-0.1.0.jar;C:\Dev\devtools\cache\m2_repository\javax\activation\activation\1.1.1\activation-1.1.1.jar;C:\Dev\devtools\cache\m2_repository\com\fasterxml\jackson\core\jackson-databind\2.9.7\jackson-databind-2.9.7.jar;C:\Dev\devtools\cache\m2_repository\com\fasterxml\jackson\core\jackson-annotations\2.9.0\jackson-annotations-2.9.0.jar;C:\Dev\devtools\cache\m2_repository\com\fasterxml\jackson\core\jackson-core\2.9.7\jackson-core-2.9.7.jar;C:\Dev\devtools\cache\m2_repository\org\projectlombok\lombok\1.18.4\lombok-1.18.4.jar;C:\Dev\devtools\cache\m2_repository\commons-io\commons-io\1.3.2\commons-io-1.3.2.jar;C:\Dev\devtools\cache\m2_repository\info\cukes\cucumber-java\1.2.5\cucumber-java-1.2.5.jar;C:\Dev\devtools\cache\m2_repository\com\github\temyers\cucumber-jvm-parallel-plugin\4.2.0\cucumber-jvm-parallel-plugin-4.2.0.jar;C:\Dev\devtools\cache\m2_repository\org\apache\velocity\velocity\1.7\velocity-1.7.jar;C:\Dev\devtools\cache\m2_repository\commons-collections\commons-collections\3.2.1\commons-collections-3.2.1.jar;C:\Dev\devtools\cache\m2_repository\commons-lang\commons-lang\2.4\commons-lang-2.4.jar;C:\Dev\devtools\cache\m2_repository\io\cucumber\gherkin\3.2.0\gherkin-3.2.0.jar;C:\Dev\devtools\cache\m2_repository\io\cucumber\gherkin-jvm-deps\1.0.4\gherkin-jvm-deps-1.0.4.jar;C:\Dev\devtools\cache\m2_repository\com\google\guava\guava\19.0\guava-19.0.jar;C:\Dev\devtools\cache\m2_repository\org\apache\commons\commons-lang3\3.5\commons-lang3-3.5.jar;C:\Dev\devtools\cache\m2_repository\info\cukes\cucumber-core\1.2.5\cucumber-core-1.2.5.jar;C:\Dev\devtools\cache\m2_repository\info\cukes\cucumber-html\0.2.3\cucumber-html-0.2.3.jar;C:\Dev\devtools\cache\m2_repository\info\cukes\cucumber-jvm-deps\1.0.5\cucumber-jvm-deps-1.0.5.jar;C:\Dev\devtools\cache\m2_repository\info\cukes\gherkin\2.12.2\gherkin-2.12.2.jar;C:\Dev\devtools\cache\m2_repository\info\cukes\cucumber-junit\1.2.5\cucumber-junit-1.2.5.jar;C:\Dev\devtools\cache\m2_repository\junit\junit\4.12\junit-4.12.jar;C:\Dev\devtools\cache\m2_repository\org\apache\pdfbox\pdfbox\2.0.9\pdfbox-2.0.9.jar;C:\Dev\devtools\cache\m2_repository\org\apache\pdfbox\fontbox\2.0.9\fontbox-2.0.9.jar;C:\Dev\devtools\cache\m2_repository\commons-logging\commons-logging\1.2\commons-logging-1.2.jar;C:\Dev\devtools\cache\m2_repository\com\stackify\stackify-log-log4j12\1.1.9\stackify-log-log4j12-1.1.9.jar;C:\Dev\devtools\cache\m2_repository\com\stackify\stackify-api-java\2.1.8\stackify-api-java-2.1.8.jar;C:\Dev\devtools\cache\m2_repository\log4j\log4j\1.2.17\log4j-1.2.17.jar;C:\Dev\devtools\cache\m2_repository\com\googlecode\json-simple\json-simple\1.1\json-simple-1.1.jar;"/>
    <property name="java.vm.vendor" value="Oracle Corporation"/>
    <property name="sun.arch.data.model" value="64"/>
    <property name="webdriver.ie.driver" value="IEDriverServer.exe"/>
    <property name="user.variant" value=""/>
    <property name="java.vendor.url" value="http://java.oracle.com/"/>
    <property name="user.timezone" value=""/>
    <property name="java.vm.specification.version" value="1.8"/>
    <property name="os.name" value="Windows 7"/>
    <property name="user.country" value="GB"/>
    <property name="sun.java.launcher" value="SUN_STANDARD"/>
    <property name="sun.boot.library.path" value="C:\Dev\devtools\bin\jdk1.8\jre\bin"/>
    <property name="sun.java.command" value="D:\Users\kakur\AppData\Local\Temp\surefire6439185727095075644\surefirebooter1570140022509176329.jar D:\Users\kakur\AppData\Local\Temp\surefire6439185727095075644 2019-04-15T17-14-28_833-jvmRun1 surefire108377343813496135tmp surefire_06868925135119735384tmp"/>
    <property name="surefire.test.class.path" value="C:\dev\repos\breach_api_test\target\test-classes;C:\dev\repos\breach_api_test\target\classes;C:\Dev\devtools\cache\m2_repository\com\vimalselvam\cucumber-extentsreport\3.0.2\cucumber-extentsreport-3.0.2.jar;C:\Dev\devtools\cache\m2_repository\com\aventstack\extentreports\3.1.2\extentreports-3.1.2.jar;C:\Dev\devtools\cache\m2_repository\org\freemarker\freemarker\2.3.23\freemarker-2.3.23.jar;C:\Dev\devtools\cache\m2_repository\org\mongodb\mongodb-driver\3.3.0\mongodb-driver-3.3.0.jar;C:\Dev\devtools\cache\m2_repository\org\mongodb\bson\3.3.0\bson-3.3.0.jar;C:\Dev\devtools\cache\m2_repository\org\mongodb\mongodb-driver-core\3.3.0\mongodb-driver-core-3.3.0.jar;C:\Dev\devtools\cache\m2_repository\org\apache\httpcomponents\httpclient\4.5.2\httpclient-4.5.2.jar;C:\Dev\devtools\cache\m2_repository\org\apache\httpcomponents\httpcore\4.4.4\httpcore-4.4.4.jar;C:\Dev\devtools\cache\m2_repository\commons-codec\commons-codec\1.9\commons-codec-1.9.jar;C:\Dev\devtools\cache\m2_repository\org\apache\httpcomponents\httpmime\4.5.2\httpmime-4.5.2.jar;C:\Dev\devtools\cache\m2_repository\org\jsoup\jsoup\1.9.2\jsoup-1.9.2.jar;C:\Dev\devtools\cache\m2_repository\com\google\code\gson\gson\2.8.0\gson-2.8.0.jar;C:\Dev\devtools\cache\m2_repository\joda-time\joda-time\2.6\joda-time-2.6.jar;C:\Dev\devtools\cache\m2_repository\org\slf4j\slf4j-api\1.7.25\slf4j-api-1.7.25.jar;C:\Dev\devtools\cache\m2_repository\io\rest-assured\rest-assured\3.2.0\rest-assured-3.2.0.jar;C:\Dev\devtools\cache\m2_repository\org\codehaus\groovy\groovy\2.4.15\groovy-2.4.15.jar;C:\Dev\devtools\cache\m2_repository\org\codehaus\groovy\groovy-xml\2.4.15\groovy-xml-2.4.15.jar;C:\Dev\devtools\cache\m2_repository\org\hamcrest\hamcrest-core\1.3\hamcrest-core-1.3.jar;C:\Dev\devtools\cache\m2_repository\org\hamcrest\hamcrest-library\1.3\hamcrest-library-1.3.jar;C:\Dev\devtools\cache\m2_repository\org\ccil\cowan\tagsoup\tagsoup\1.2.1\tagsoup-1.2.1.jar;C:\Dev\devtools\cache\m2_repository\io\rest-assured\json-path\3.2.0\json-path-3.2.0.jar;C:\Dev\devtools\cache\m2_repository\org\codehaus\groovy\groovy-json\2.4.15\groovy-json-2.4.15.jar;C:\Dev\devtools\cache\m2_repository\io\rest-assured\rest-assured-common\3.2.0\rest-assured-common-3.2.0.jar;C:\Dev\devtools\cache\m2_repository\io\rest-assured\xml-path\3.2.0\xml-path-3.2.0.jar;C:\Dev\devtools\cache\m2_repository\javax\xml\bind\jaxb-api\2.2.12\jaxb-api-2.2.12.jar;C:\Dev\devtools\cache\m2_repository\com\sun\xml\bind\jaxb-osgi\2.2.10\jaxb-osgi-2.2.10.jar;C:\Dev\devtools\cache\m2_repository\org\apache\sling\org.apache.sling.javax.activation\0.1.0\org.apache.sling.javax.activation-0.1.0.jar;C:\Dev\devtools\cache\m2_repository\javax\activation\activation\1.1.1\activation-1.1.1.jar;C:\Dev\devtools\cache\m2_repository\com\fasterxml\jackson\core\jackson-databind\2.9.7\jackson-databind-2.9.7.jar;C:\Dev\devtools\cache\m2_repository\com\fasterxml\jackson\core\jackson-annotations\2.9.0\jackson-annotations-2.9.0.jar;C:\Dev\devtools\cache\m2_repository\com\fasterxml\jackson\core\jackson-core\2.9.7\jackson-core-2.9.7.jar;C:\Dev\devtools\cache\m2_repository\org\projectlombok\lombok\1.18.4\lombok-1.18.4.jar;C:\Dev\devtools\cache\m2_repository\commons-io\commons-io\1.3.2\commons-io-1.3.2.jar;C:\Dev\devtools\cache\m2_repository\info\cukes\cucumber-java\1.2.5\cucumber-java-1.2.5.jar;C:\Dev\devtools\cache\m2_repository\com\github\temyers\cucumber-jvm-parallel-plugin\4.2.0\cucumber-jvm-parallel-plugin-4.2.0.jar;C:\Dev\devtools\cache\m2_repository\org\apache\velocity\velocity\1.7\velocity-1.7.jar;C:\Dev\devtools\cache\m2_repository\commons-collections\commons-collections\3.2.1\commons-collections-3.2.1.jar;C:\Dev\devtools\cache\m2_repository\commons-lang\commons-lang\2.4\commons-lang-2.4.jar;C:\Dev\devtools\cache\m2_repository\io\cucumber\gherkin\3.2.0\gherkin-3.2.0.jar;C:\Dev\devtools\cache\m2_repository\io\cucumber\gherkin-jvm-deps\1.0.4\gherkin-jvm-deps-1.0.4.jar;C:\Dev\devtools\cache\m2_repository\com\google\guava\guava\19.0\guava-19.0.jar;C:\Dev\devtools\cache\m2_repository\org\apache\commons\commons-lang3\3.5\commons-lang3-3.5.jar;C:\Dev\devtools\cache\m2_repository\info\cukes\cucumber-core\1.2.5\cucumber-core-1.2.5.jar;C:\Dev\devtools\cache\m2_repository\info\cukes\cucumber-html\0.2.3\cucumber-html-0.2.3.jar;C:\Dev\devtools\cache\m2_repository\info\cukes\cucumber-jvm-deps\1.0.5\cucumber-jvm-deps-1.0.5.jar;C:\Dev\devtools\cache\m2_repository\info\cukes\gherkin\2.12.2\gherkin-2.12.2.jar;C:\Dev\devtools\cache\m2_repository\info\cukes\cucumber-junit\1.2.5\cucumber-junit-1.2.5.jar;C:\Dev\devtools\cache\m2_repository\junit\junit\4.12\junit-4.12.jar;C:\Dev\devtools\cache\m2_repository\org\apache\pdfbox\pdfbox\2.0.9\pdfbox-2.0.9.jar;C:\Dev\devtools\cache\m2_repository\org\apache\pdfbox\fontbox\2.0.9\fontbox-2.0.9.jar;C:\Dev\devtools\cache\m2_repository\commons-logging\commons-logging\1.2\commons-logging-1.2.jar;C:\Dev\devtools\cache\m2_repository\com\stackify\stackify-log-log4j12\1.1.9\stackify-log-log4j12-1.1.9.jar;C:\Dev\devtools\cache\m2_repository\com\stackify\stackify-api-java\2.1.8\stackify-api-java-2.1.8.jar;C:\Dev\devtools\cache\m2_repository\log4j\log4j\1.2.17\log4j-1.2.17.jar;C:\Dev\devtools\cache\m2_repository\com\googlecode\json-simple\json-simple\1.1\json-simple-1.1.jar;"/>
    <property name="sun.cpu.endian" value="little"/>
    <property name="user.home" value="D:\Users\kakur"/>
    <property name="user.language" value="en"/>
    <property name="java.specification.vendor" value="Oracle Corporation"/>
    <property name="java.home" value="C:\Dev\devtools\bin\jdk1.8\jre"/>
    <property name="basedir" value="C:\dev\repos\breach_api_test"/>
    <property name="file.separator" value="\"/>
    <property name="line.separator" value="&#10;"/>
    <property name="java.vm.specification.vendor" value="Oracle Corporation"/>
    <property name="java.specification.name" value="Java Platform API Specification"/>
    <property name="java.awt.graphicsenv" value="sun.awt.Win32GraphicsEnvironment"/>
    <property name="surefire.real.class.path" value="D:\Users\kakur\AppData\Local\Temp\surefire6439185727095075644\surefirebooter1570140022509176329.jar"/>
    <property name="sun.boot.class.path" value="C:\Dev\devtools\bin\jdk1.8\jre\lib\resources.jar;C:\Dev\devtools\bin\jdk1.8\jre\lib\rt.jar;C:\Dev\devtools\bin\jdk1.8\jre\lib\sunrsasign.jar;C:\Dev\devtools\bin\jdk1.8\jre\lib\jsse.jar;C:\Dev\devtools\bin\jdk1.8\jre\lib\jce.jar;C:\Dev\devtools\bin\jdk1.8\jre\lib\charsets.jar;C:\Dev\devtools\bin\jdk1.8\jre\lib\jfr.jar;C:\Dev\devtools\bin\jdk1.8\jre\classes"/>
    <property name="user.script" value=""/>
    <property name="sun.management.compiler" value="HotSpot 64-Bit Tiered Compilers"/>
    <property name="java.runtime.version" value="1.8.0_162-b12"/>
    <property name="user.name" value="kakur"/>
    <property name="path.separator" value=";"/>
    <property name="os.version" value="6.1"/>
    <property name="java.endorsed.dirs" value="C:\Dev\devtools\bin\jdk1.8\jre\lib\endorsed"/>
    <property name="java.runtime.name" value="Java(TM) SE Runtime Environment"/>
    <property name="file.encoding" value="Cp1252"/>
    <property name="java.vm.name" value="Java HotSpot(TM) 64-Bit Server VM"/>
    <property name="localRepository" value="C:\Dev\devtools\cache\m2_repository"/>
    <property name="java.vendor.url.bug" value="http://bugreport.sun.com/bugreport/"/>
    <property name="java.io.tmpdir" value="D:\Users\kakur\AppData\Local\Temp\"/>
    <property name="java.version" value="1.8.0_162"/>
    <property name="user.dir" value="C:\dev\repos\breach_api_test"/>
    <property name="os.arch" value="amd64"/>
    <property name="java.vm.specification.name" value="Java Virtual Machine Specification"/>
    <property name="java.awt.printerjob" value="sun.awt.windows.WPrinterJob"/>
    <property name="sun.os.patch.level" value="Service Pack 1"/>
    <property name="java.library.path" value="C:\Dev\devtools\bin\jdk1.8\jre\bin;C:\Windows\Sun\Java\bin;C:\Windows\system32;C:\Windows;C:\ProgramData\Oracle\Java\javapath;C:\Windows\system32;C:\Windows;C:\Windows\System32\Wbem;C:\Windows\System32\WindowsPowerShell\v1.0\;C:\Windows\System32\WindowsPowerShell\v1.0\;C:\Windows\System32\WindowsPowerShell\v1.0\;C:\Windows\System32\WindowsPowerShell\v1.0\;C:\Windows\System32\WindowsPowerShell\v1.0\;C:\Windows\System32\Windows System Resource Manager\bin;C:\Windows\idmu\common;C:\Program Files\AppSense\Application Manager\Agent\Plugins\EcaRulesEngine\;C:\Program Files\Common Files\ThinPrint\;C:\Program Files (x86)\Citrix\ICAService\;C:\Program Files (x86)\Citrix\System32\;C:\Program Files (x86)\Common Files\Citrix\System32\;C:\Windows\System32\WindowsPowerShell\v1.0\;C:\Windows\CCM;%MINION_PATH%; C:\dev\devtools\apps\git\git- 2.21.0;C:\Dev\devtools\bin\npm;C:\Dev\devtools\bin\python;C:\Dev\devtools\bin\git\bin;C:\Dev\devtools\bin\ruby\bin;C:\Dev\devtools\bin\nodejs;C:\Dev\devtools\bin\go-1.5beta3\go/bin;C:\Dev\devtools\bin\gocode/bin;C:\dev\devtools\apps\maven\apache-maven-3.1.1\bin;C:\Dev\devtools\bin\jdk1.8\bin;C:\dev\devtools\apps\maven\apache-maven-3.1.1\bin;D:\Users\kakur\AppData\Local\GitHubDesktop\bin;C:\dev\devtools\apps\IntelliJ IDEA Community Edition 2019.1\bin;;."/>
    <property name="java.vm.info" value="mixed mode"/>
    <property name="java.vendor" value="Oracle Corporation"/>
    <property name="java.vm.version" value="25.162-b12"/>
    <property name="java.ext.dirs" value="C:\Dev\devtools\bin\jdk1.8\jre\lib\ext;C:\Windows\Sun\Java\lib\ext"/>
    <property name="sun.io.unicode.encoding" value="UnicodeLittle"/>
    <property name="java.class.version" value="52.0"/>
  </properties>
  <testcase name="Feature: Login" classname="Feature: Login" time="0.146">
    <error type="java.lang.NullPointerException">java.lang.NullPointerException
</error>
    <system-out><![CDATA[@Authentication
Feature: Login
]]></system-out>
  </testcase>
</testsuite>